[debug] [2023-06-08T13:05:14.262Z] ----------------------------------------------------------------------
[debug] [2023-06-08T13:05:14.267Z] Command:       C:\Program Files\nodejs\node.exe C:\Users\Admin\AppData\Roaming\npm\node_modules\firebase-tools\lib\bin\firebase.js init
[debug] [2023-06-08T13:05:14.268Z] CLI Version:   12.3.1
[debug] [2023-06-08T13:05:14.269Z] Platform:      win32
[debug] [2023-06-08T13:05:14.270Z] Node Version:  v18.9.0
[debug] [2023-06-08T13:05:14.276Z] Time:          Thu Jun 08 2023 09:05:14 GMT-0400 (heure d’été de l’Est)
[debug] [2023-06-08T13:05:14.276Z] ----------------------------------------------------------------------
[debug] 
[debug] [2023-06-08T13:05:14.306Z] > command requires scopes: ["email","openid","https://www.googleapis.com/auth/cloudplatformprojects.readonly","https://www.googleapis.com/auth/firebase","https://www.googleapis.com/auth/cloud-platform"]
[debug] [2023-06-08T13:05:14.308Z] > authorizing via signed-in user (alledieng22@gmail.com)
[info] 
     ######## #### ########  ######## ########     ###     ######  ########
     ##        ##  ##     ## ##       ##     ##  ##   ##  ##       ##
     ######    ##  ########  ######   ########  #########  ######  ######
     ##        ##  ##    ##  ##       ##     ## ##     ##       ## ##
     ##       #### ##     ## ######## ########  ##     ##  ######  ########

You're about to initialize a Firebase project in this directory:

  C:\Users\Admin\Documents\portfolioalle

[info] 
=== Project Setup
[info] 
[info] First, let's associate this project directory with a Firebase project.
[info] You can create multiple project aliases by running firebase use --add, 
[info] but for now we'll just set up a default project.
[info] 
[info] i  If you want to create a project in a Google Cloud organization or folder, please use "firebase projects:create" instead, and return to this command when you've created the project. 
[debug] [2023-06-08T13:05:54.282Z] >>> [apiv2][query] POST https://cloudresourcemanager.googleapis.com/v1/projects [none]
[debug] [2023-06-08T13:05:54.284Z] >>> [apiv2][body] POST https://cloudresourcemanager.googleapis.com/v1/projects {"projectId":"porfolioalle","name":"12"}
[debug] [2023-06-08T13:05:54.681Z] <<< [apiv2][status] POST https://cloudresourcemanager.googleapis.com/v1/projects 400
[debug] [2023-06-08T13:05:54.681Z] <<< [apiv2][body] POST https://cloudresourcemanager.googleapis.com/v1/projects {"error":{"code":400,"message":"field [display_name] has issue [project display name must be at least 4 characters]","status":"INVALID_ARGUMENT","details":[{"@type":"type.googleapis.com/google.rpc.BadRequest","fieldViolations":[{"field":"display_name","description":"project display name must be at least 4 characters"}]},{"@type":"type.googleapis.com/google.rpc.Help","links":[{"url":"https://cloud.google.com/resource-manager/reference/rest/v1/projects"}]}]}}
[debug] [2023-06-08T13:05:54.919Z] FirebaseError: HTTP Error: 400, field [display_name] has issue [project display name must be at least 4 characters]
    at responseToError (C:\Users\Admin\AppData\Roaming\npm\node_modules\firebase-tools\lib\responseToError.js:49:12)
    at RetryOperation._fn (C:\Users\Admin\AppData\Roaming\npm\node_modules\firebase-tools\lib\apiv2.js:288:77)
    at process.processTicksAndRejections (node:internal/process/task_queues:95:5)
[error] 
[error] Error: Failed to create project. See firebase-debug.log for more info.
